{"timestamp": "2026-05-04T07:02:03Z", "level": "INFO", "worker_id": "orchestrator", "event_type": "experiment_started", "payload": {"mode": "registration", "worker_count": 1}}
{"timestamp": "2026-05-04T07:02:03Z", "level": "INFO", "worker_id": "worker_01", "event_type": "worker_cycle_start", "payload": {"proxy": "none", "mode": "registration"}}
{"timestamp": "2026-05-04T07:02:03Z", "level": "INFO", "worker_id": "worker_01", "event_type": "registration_start", "payload": {"identity": {"full_name": "Rani Wijaya", "first_name": "Rani", "last_name": "Wijaya", "username": "br05j104fxjd", "password": "l5T(8VqEEKbh", "birthdate": "2000-12-21", "gender": "male", "display_name": "Rani Wijaya"}}}
{"timestamp": "2026-05-04T07:02:04Z", "level": "ERROR", "worker_id": "worker_01", "event_type": "registration_failed", "payload": {"error": "Server error '502 Bad Gateway' for url 'https://api.mail.gw/accounts'\nFor more information check: https://developer.mozilla.org/en-US/docs/Web/HTTP/Status/502", "proxy": null}}
{"timestamp": "2026-05-04T07:02:04Z", "level": "ERROR", "worker_id": "worker_01", "event_type": "worker_exception", "payload": {"error": "Server error '502 Bad Gateway' for url 'https://api.mail.gw/accounts'\nFor more information check: https://developer.mozilla.org/en-US/docs/Web/HTTP/Status/502"}}
{"timestamp": "2026-05-04T07:02:33Z", "level": "INFO", "worker_id": "orchestrator", "event_type": "health_report", "payload": {"active_workers": 1, "total_attempts": 0, "total_success": 0, "total_failures": 1, "total_errors": 1}}
{"timestamp": "2026-05-04T07:02:34Z", "level": "INFO", "worker_id": "worker_01", "event_type": "worker_cycle_start", "payload": {"proxy": "none", "mode": "registration"}}
{"timestamp": "2026-05-04T07:02:34Z", "level": "INFO", "worker_id": "worker_01", "event_type": "registration_start", "payload": {"identity": {"full_name": "Andi Wijaya", "first_name": "Andi", "last_name": "Wijaya", "username": "h6m3d13q2qj2", "password": "*Qf$9N1x)Cs9", "birthdate": "1992-03-13", "gender": "male", "display_name": "Andi Wijaya"}}}
{"timestamp": "2026-05-04T07:02:35Z", "level": "ERROR", "worker_id": "worker_01", "event_type": "registration_failed", "payload": {"error": "Server error '502 Bad Gateway' for url 'https://api.mail.gw/accounts'\nFor more information check: https://developer.mozilla.org/en-US/docs/Web/HTTP/Status/502", "proxy": null}}
{"timestamp": "2026-05-04T07:02:35Z", "level": "ERROR", "worker_id": "worker_01", "event_type": "worker_exception", "payload": {"error": "Server error '502 Bad Gateway' for url 'https://api.mail.gw/accounts'\nFor more information check: https://developer.mozilla.org/en-US/docs/Web/HTTP/Status/502"}}
{"timestamp": "2026-05-04T07:03:03Z", "level": "INFO", "worker_id": "orchestrator", "event_type": "health_report", "payload": {"active_workers": 1, "total_attempts": 1, "total_success": 0, "total_failures": 2, "total_errors": 2}}
{"timestamp": "2026-05-04T07:03:05Z", "level": "INFO", "worker_id": "worker_01", "event_type": "worker_cycle_start", "payload": {"proxy": "none", "mode": "registration"}}
{"timestamp": "2026-05-04T07:03:05Z", "level": "INFO", "worker_id": "worker_01", "event_type": "registration_start", "payload": {"identity": {"full_name": "Siti Pratiwi", "first_name": "Siti", "last_name": "Pratiwi", "username": "xuoptvw1jnwv", "password": "tiEcZuPC@FG2", "birthdate": "1995-03-13", "gender": "female", "display_name": "Siti Pratiwi"}}}
{"timestamp": "2026-05-04T07:03:05Z", "level": "ERROR", "worker_id": "worker_01", "event_type": "registration_failed", "payload": {"error": "Server error '502 Bad Gateway' for url 'https://api.mail.gw/accounts'\nFor more information check: https://developer.mozilla.org/en-US/docs/Web/HTTP/Status/502", "proxy": null}}
{"timestamp": "2026-05-04T07:03:05Z", "level": "ERROR", "worker_id": "worker_01", "event_type": "worker_exception", "payload": {"error": "Server error '502 Bad Gateway' for url 'https://api.mail.gw/accounts'\nFor more information check: https://developer.mozilla.org/en-US/docs/Web/HTTP/Status/502"}}
{"timestamp": "2026-05-04T07:03:33Z", "level": "INFO", "worker_id": "orchestrator", "event_type": "health_report", "payload": {"active_workers": 1, "total_attempts": 2, "total_success": 0, "total_failures": 3, "total_errors": 3}}
{"timestamp": "2026-05-04T07:03:35Z", "level": "INFO", "worker_id": "worker_01", "event_type": "worker_cycle_start", "payload": {"proxy": "none", "mode": "registration"}}
{"timestamp": "2026-05-04T07:03:35Z", "level": "INFO", "worker_id": "worker_01", "event_type": "registration_start", "payload": {"identity": {"full_name": "Agus Permana", "first_name": "Agus", "last_name": "Permana", "username": "yy8pgd42vrae", "password": "gE_mxc(y4s8@", "birthdate": "1999-01-22", "gender": "female", "display_name": "Agus Permana"}}}
{"timestamp": "2026-05-04T07:03:36Z", "level": "ERROR", "worker_id": "worker_01", "event_type": "registration_failed", "payload": {"error": "Server error '502 Bad Gateway' for url 'https://api.mail.gw/accounts'\nFor more information check: https://developer.mozilla.org/en-US/docs/Web/HTTP/Status/502", "proxy": null}}
{"timestamp": "2026-05-04T07:03:36Z", "level": "ERROR", "worker_id": "worker_01", "event_type": "worker_exception", "payload": {"error": "Server error '502 Bad Gateway' for url 'https://api.mail.gw/accounts'\nFor more information check: https://developer.mozilla.org/en-US/docs/Web/HTTP/Status/502"}}
{"timestamp": "2026-05-04T07:04:03Z", "level": "INFO", "worker_id": "orchestrator", "event_type": "health_report", "payload": {"active_workers": 1, "total_attempts": 3, "total_success": 0, "total_failures": 4, "total_errors": 4}}
{"timestamp": "2026-05-04T07:04:06Z", "level": "INFO", "worker_id": "worker_01", "event_type": "worker_cycle_start", "payload": {"proxy": "none", "mode": "registration"}}
{"timestamp": "2026-05-04T07:04:06Z", "level": "INFO", "worker_id": "worker_01", "event_type": "registration_start", "payload": {"identity": {"full_name": "Dian Suryani", "first_name": "Dian", "last_name": "Suryani", "username": "qqhvzpj0vxu1", "password": "2LFVD*aphOiy", "birthdate": "1992-04-11", "gender": "female", "display_name": "Dian Suryani"}}}
{"timestamp": "2026-05-04T07:04:07Z", "level": "ERROR", "worker_id": "worker_01", "event_type": "registration_failed", "payload": {"error": "Server error '502 Bad Gateway' for url 'https://api.mail.gw/accounts'\nFor more information check: https://developer.mozilla.org/en-US/docs/Web/HTTP/Status/502", "proxy": null}}
{"timestamp": "2026-05-04T07:04:07Z", "level": "ERROR", "worker_id": "worker_01", "event_type": "worker_exception", "payload": {"error": "Server error '502 Bad Gateway' for url 'https://api.mail.gw/accounts'\nFor more information check: https://developer.mozilla.org/en-US/docs/Web/HTTP/Status/502"}}
{"timestamp": "2026-05-04T07:16:41Z", "level": "INFO", "worker_id": "orchestrator", "event_type": "experiment_started", "payload": {"mode": "registration", "worker_count": 1}}
{"timestamp": "2026-05-04T07:16:41Z", "level": "INFO", "worker_id": "worker_01", "event_type": "worker_cycle_start", "payload": {"proxy": "none", "mode": "registration"}}
{"timestamp": "2026-05-04T07:16:41Z", "level": "INFO", "worker_id": "worker_01", "event_type": "registration_start", "payload": {"identity": {"full_name": "Agus Nur", "first_name": "Agus", "last_name": "Nur", "username": "fd6ktpnwx3qg", "password": ")SfEUw%%4o_H", "birthdate": "1990-01-05", "gender": "female", "display_name": "Agus Nur"}}}
{"timestamp": "2026-05-04T07:16:42Z", "level": "ERROR", "worker_id": "worker_01", "event_type": "registration_failed", "payload": {"error": "Server error '502 Bad Gateway' for url 'https://api.mail.gw/accounts'\nFor more information check: https://developer.mozilla.org/en-US/docs/Web/HTTP/Status/502", "proxy": null}}
{"timestamp": "2026-05-04T07:16:42Z", "level": "ERROR", "worker_id": "worker_01", "event_type": "worker_exception", "payload": {"error": "Server error '502 Bad Gateway' for url 'https://api.mail.gw/accounts'\nFor more information check: https://developer.mozilla.org/en-US/docs/Web/HTTP/Status/502"}}
